<?xml version="1.0" encoding="utf-8"?><testsuites name="pytest tests"><testsuite name="pytest" errors="0" failures="0" skipped="0" tests="12" time="7.129" timestamp="2026-05-19T14:04:10.053705+07:00" hostname="raka"><testcase classname="tests.test_auth.TestAuthEndpoints" name="test_login_success" time="0.686" /><testcase classname="tests.test_auth.TestAuthEndpoints" name="test_login_wrong_password" time="0.605" /><testcase classname="tests.test_posts.TestPostEndpoints" name="test_create_post_unauthorized" time="0.018" /><testcase classname="tests.test_posts.TestPostEndpoints" name="test_create_post_success" time="0.639" /><testcase classname="tests.test_posts.TestPostEndpoints" name="test_update_post_forbidden" time="1.224" /><testcase classname="tests.test_posts.TestPostEndpoints" name="test_get_post_not_found" time="0.631" /><testcase classname="tests.test_posts.TestPostEndpoints" name="test_get_posts_only_own_data" time="1.198" /><testcase classname="tests.test_posts.TestPostEndpoints" name="test_get_post_by_id_success" time="0.573" /><testcase classname="tests.test_posts.TestPostEndpoints" name="test_get_post_by_id_forbidden" time="1.163" /><testcase classname="tests.test_users.TestUserEndpoints" name="test_create_user" time="0.289" /><testcase classname="tests.test_users.TestUserEndpoints" name="test_get_users" time="0.019" /><testcase classname="tests.test_users.TestUserEndpoints" name="test_get_user_not_found" time="0.018" /></testsuite></testsuites>