<?xml version="1.0" encoding="utf-8"?><testsuites name="pytest tests"><testsuite name="pytest" errors="0" failures="0" skipped="0" tests="12" time="10.785" timestamp="2026-06-02T10:40:38.780799+07:00" hostname="raka"><testcase classname="tests.test_auth.TestAuthEndpoints" name="test_login_success" time="1.029" /><testcase classname="tests.test_auth.TestAuthEndpoints" name="test_login_wrong_password" time="0.887" /><testcase classname="tests.test_posts.TestPostEndpoints" name="test_create_post_unauthorized" time="0.053" /><testcase classname="tests.test_posts.TestPostEndpoints" name="test_create_post_success" time="0.996" /><testcase classname="tests.test_posts.TestPostEndpoints" name="test_update_post_forbidden" time="1.776" /><testcase classname="tests.test_posts.TestPostEndpoints" name="test_get_post_not_found" time="0.899" /><testcase classname="tests.test_posts.TestPostEndpoints" name="test_get_posts_only_own_data" time="1.746" /><testcase classname="tests.test_posts.TestPostEndpoints" name="test_get_post_by_id_success" time="0.878" /><testcase classname="tests.test_posts.TestPostEndpoints" name="test_get_post_by_id_forbidden" time="1.724" /><testcase classname="tests.test_users.TestUserEndpoints" name="test_create_user" time="0.506" /><testcase classname="tests.test_users.TestUserEndpoints" name="test_get_users" time="0.058" /><testcase classname="tests.test_users.TestUserEndpoints" name="test_get_user_not_found" time="0.033" /></testsuite></testsuites>